0 info it worked if it ends with ok
1 verbose cli [
1 verbose cli   'C:\\Program Files\\nodejs\\node.exe',
1 verbose cli   'C:\\Program Files\\nodejs\\node_modules\\npm\\bin\\npm-cli.js',
1 verbose cli   'start',
1 verbose cli   '--cache',
1 verbose cli   'clean'
1 verbose cli ]
2 info using npm@6.14.8
3 info using node@v14.13.1
4 verbose run-script [ 'prestart', 'start', 'poststart' ]
5 info lifecycle Bukata@0.0.1~prestart: Bukata@0.0.1
6 info lifecycle Bukata@0.0.1~start: Bukata@0.0.1
7 verbose lifecycle Bukata@0.0.1~start: unsafe-perm in lifecycle true
8 verbose lifecycle Bukata@0.0.1~start: PATH: C:\Program Files\nodejs\node_modules\npm\node_modules\npm-lifecycle\node-gyp-bin;F:\KahooDigitals\Bukata_ServiceApp_ReactNAtive\node_modules\.bin;C:\Python27\;C:\Python27\Scripts;C:\Python38\Scripts\;C:\Python38\;C:\Program Files (x86)\Common Files\Oracle\Java\javapath;C:\WINDOWS\system32;C:\WINDOWS;C:\WINDOWS\System32\Wbem;C:\WINDOWS\System32\WindowsPowerShell\v1.0\;C:\WINDOWS\System32\OpenSSH\;C:\Program Files\Intel\WiFi\bin\;C:\Program Files\Common Files\Intel\WirelessCommon\;C:\Program Files\Git\cmd;C:\Program Files (x86)\Intel\Intel(R) Management Engine Components\DAL;C:\Program Files\Intel\Intel(R) Management Engine Components\DAL;C:\ProgramData\chocolatey\bin;%LOCALAPPDATA%\Android\Sdk;C:\Program Files\OpenJDK\openjdk-8u262-b10\bin;C:\Program Files\nodejs\;C:\Users\SamAD SoOmRo\AppData\Local\Microsoft\WindowsApps;C:\Program Files\Java\jdk1.8.0_181\bin;C:\Users\SamAD SoOmRo\AppData\Local\Programs\Microsoft VS Code\bin;F:\Flutter Programming\flutter\bin;F:\Flutter Programming\flutter;C:\Users\SamAD SoOmRo\AppData\Local\GitHubDesktop\bin;C:\Users\SamAD SoOmRo\AppData\Local\Android\Sdk\platform-tools;C:\Users\SamAD SoOmRo\AppData\Roaming\npm
9 verbose lifecycle Bukata@0.0.1~start: CWD: F:\KahooDigitals\Bukata_ServiceApp_ReactNAtive
10 silly lifecycle Bukata@0.0.1~start: Args: [ '/d /s /c', 'react-native start' ]
11 silly lifecycle Bukata@0.0.1~start: Returned: code: 1  signal: null
12 info lifecycle Bukata@0.0.1~start: Failed to exec start script
13 verbose stack Error: Bukata@0.0.1 start: `react-native start`
13 verbose stack Exit status 1
13 verbose stack     at EventEmitter.<anonymous> (C:\Program Files\nodejs\node_modules\npm\node_modules\npm-lifecycle\index.js:332:16)
13 verbose stack     at EventEmitter.emit (events.js:314:20)
13 verbose stack     at ChildProcess.<anonymous> (C:\Program Files\nodejs\node_modules\npm\node_modules\npm-lifecycle\lib\spawn.js:55:14)
13 verbose stack     at ChildProcess.emit (events.js:314:20)
13 verbose stack     at maybeClose (internal/child_process.js:1047:16)
13 verbose stack     at Process.ChildProcess._handle.onexit (internal/child_process.js:287:5)
14 verbose pkgid Bukata@0.0.1
15 verbose cwd F:\KahooDigitals\Bukata_ServiceApp_ReactNAtive
16 verbose Windows_NT 10.0.18363
17 verbose argv "C:\\Program Files\\nodejs\\node.exe" "C:\\Program Files\\nodejs\\node_modules\\npm\\bin\\npm-cli.js" "start" "--cache" "clean"
18 verbose node v14.13.1
19 verbose npm  v6.14.8
20 error code ELIFECYCLE
21 error errno 1
22 error Bukata@0.0.1 start: `react-native start`
22 error Exit status 1
23 error Failed at the Bukata@0.0.1 start script.
23 error This is probably not a problem with npm. There is likely additional logging output above.
24 verbose exit [ 1, true ]
